2014/05/24 18:21:05 [error] [exception.CHttpException.404] exception 'CHttpException' with message 'Unable to resolve the request "gii".' in C:\wamp\www\yii\framework\web\CWebApplication.php:286
Stack trace:
#0 C:\wamp\www\yii\framework\web\CWebApplication.php(141): CWebApplication->runController('gii')
#1 C:\wamp\www\yii\framework\base\CApplication.php(180): CWebApplication->processRequest()
#2 C:\wamp\www\proyecto_php\index.php(13): CApplication->run()
#3 {main}
REQUEST_URI=/proyecto_php/index.php?r=gii
---
2014/05/24 18:22:33 [error] [exception.CHttpException.404] exception 'CHttpException' with message 'Unable to resolve the request "gii".' in C:\wamp\www\yii\framework\web\CWebApplication.php:286
Stack trace:
#0 C:\wamp\www\yii\framework\web\CWebApplication.php(141): CWebApplication->runController('gii')
#1 C:\wamp\www\yii\framework\base\CApplication.php(180): CWebApplication->processRequest()
#2 C:\wamp\www\proyecto_php\index.php(13): CApplication->run()
#3 {main}
REQUEST_URI=/proyecto_php/index.php?r=gii
---
2014/05/24 18:22:51 [error] [exception.CHttpException.404] exception 'CHttpException' with message 'The system is unable to find the requested action "gii".' in C:\wamp\www\yii\framework\web\CController.php:483
Stack trace:
#0 C:\wamp\www\yii\framework\web\CController.php(270): CController->missingAction('gii')
#1 C:\wamp\www\yii\framework\web\CWebApplication.php(282): CController->run('gii')
#2 C:\wamp\www\yii\framework\web\CWebApplication.php(141): CWebApplication->runController('site/gii')
#3 C:\wamp\www\yii\framework\base\CApplication.php(180): CWebApplication->processRequest()
#4 C:\wamp\www\proyecto_php\index.php(13): CApplication->run()
#5 {main}
REQUEST_URI=/proyecto_php/index.php?r=site/gii
---
2014/06/20 19:36:09 [error] [exception.CException] exception 'CException' with message 'Alias "bootstrap.widgets.TbNavBar" is invalid. Make sure it points to an existing directory or file.' in C:\wamp\www\yii\framework\YiiBase.php:347
Stack trace:
#0 C:\wamp\www\yii\framework\web\CWidgetFactory.php(146): YiiBase::import('bootstrap.widge...', true)
#1 C:\wamp\www\yii\framework\web\CBaseController.php(146): CWidgetFactory->createWidget(Object(SiteController), 'bootstrap.widge...', Array)
#2 C:\wamp\www\yii\framework\web\CBaseController.php(172): CBaseController->createWidget('bootstrap.widge...', Array)
#3 C:\wamp\www\proyecto_php\protected\views\layouts\main.php(34): CBaseController->widget('bootstrap.widge...', Array)
#4 C:\wamp\www\yii\framework\web\CBaseController.php(126): require('C:\\wamp\\www\\pro...')
#5 C:\wamp\www\yii\framework\web\CBaseController.php(95): CBaseController->renderInternal('C:\\wamp\\www\\pro...', Array, true)
#6 C:\wamp\www\yii\framework\web\CController.php(784): CBaseController->renderFile('C:\\wamp\\www\\pro...', Array, true)
#7 C:\wamp\www\yii\framework\web\actions\CViewAction.php(140): CController->render('pages/about')
#8 C:\wamp\www\yii\framework\web\actions\CAction.php(76): CViewAction->run()
#9 C:\wamp\www\yii\framework\web\CController.php(308): CAction->runWithParams(Array)
#10 C:\wamp\www\yii\framework\web\CController.php(286): CController->runAction(Object(CViewAction))
#11 C:\wamp\www\yii\framework\web\CController.php(265): CController->runActionWithFilters(Object(CViewAction), Array)
#12 C:\wamp\www\yii\framework\web\CWebApplication.php(282): CController->run('page')
#13 C:\wamp\www\yii\framework\web\CWebApplication.php(141): CWebApplication->runController('site/page')
#14 C:\wamp\www\yii\framework\base\CApplication.php(180): CWebApplication->processRequest()
#15 C:\wamp\www\proyecto_php\index.php(13): CApplication->run()
#16 {main}
REQUEST_URI=/proyecto_php/site/page.html?view=about
HTTP_REFERER=http://localhost:90/proyecto_php/site/index.html
---
2014/06/29 18:27:31 [error] [exception.CHttpException.404] exception 'CHttpException' with message 'The system is unable to find the requested action "gii".' in C:\wamp\www\yii\framework\web\CController.php:483
Stack trace:
#0 C:\wamp\www\yii\framework\web\CController.php(270): CController->missingAction('gii')
#1 C:\wamp\www\yii\framework\web\CWebApplication.php(282): CController->run('gii')
#2 C:\wamp\www\yii\framework\web\CWebApplication.php(141): CWebApplication->runController('site/gii')
#3 C:\wamp\www\yii\framework\base\CApplication.php(180): CWebApplication->processRequest()
#4 C:\wamp\www\proyecto_php\index.php(13): CApplication->run()
#5 {main}
REQUEST_URI=/proyecto_php/site/gii
---
2014/06/29 20:33:54 [error] [exception.CHttpException.404] exception 'CHttpException' with message 'Unable to resolve the request "inmubles/create".' in C:\wamp\www\yii\framework\web\CWebApplication.php:286
Stack trace:
#0 C:\wamp\www\yii\framework\web\CWebApplication.php(141): CWebApplication->runController('inmubles/create')
#1 C:\wamp\www\yii\framework\base\CApplication.php(180): CWebApplication->processRequest()
#2 C:\wamp\www\proyecto_php\index.php(13): CApplication->run()
#3 {main}
REQUEST_URI=/proyecto_php/inmubles/create.html
HTTP_REFERER=http://localhost:90/proyecto_php/site/login.html
---
2014/06/29 20:33:56 [error] [exception.CHttpException.404] exception 'CHttpException' with message 'Unable to resolve the request "inmubles/create".' in C:\wamp\www\yii\framework\web\CWebApplication.php:286
Stack trace:
#0 C:\wamp\www\yii\framework\web\CWebApplication.php(141): CWebApplication->runController('inmubles/create')
#1 C:\wamp\www\yii\framework\base\CApplication.php(180): CWebApplication->processRequest()
#2 C:\wamp\www\proyecto_php\index.php(13): CApplication->run()
#3 {main}
REQUEST_URI=/proyecto_php/inmubles/create.html
HTTP_REFERER=http://localhost:90/proyecto_php/inmubles/create.html
---
2014/06/29 20:34:01 [error] [exception.CHttpException.404] exception 'CHttpException' with message 'Unable to resolve the request "inmubles/create".' in C:\wamp\www\yii\framework\web\CWebApplication.php:286
Stack trace:
#0 C:\wamp\www\yii\framework\web\CWebApplication.php(141): CWebApplication->runController('inmubles/create')
#1 C:\wamp\www\yii\framework\base\CApplication.php(180): CWebApplication->processRequest()
#2 C:\wamp\www\proyecto_php\index.php(13): CApplication->run()
#3 {main}
REQUEST_URI=/proyecto_php/inmubles/create.html
HTTP_REFERER=http://localhost:90/proyecto_php/site/login.html
---
2014/06/29 20:34:15 [error] [exception.CHttpException.404] exception 'CHttpException' with message 'Unable to resolve the request "inmubles/create".' in C:\wamp\www\yii\framework\web\CWebApplication.php:286
Stack trace:
#0 C:\wamp\www\yii\framework\web\CWebApplication.php(141): CWebApplication->runController('inmubles/create')
#1 C:\wamp\www\yii\framework\base\CApplication.php(180): CWebApplication->processRequest()
#2 C:\wamp\www\proyecto_php\index.php(13): CApplication->run()
#3 {main}
REQUEST_URI=/proyecto_php/inmubles/create.html
HTTP_REFERER=http://localhost:90/proyecto_php/site/login.html
---
2014/06/29 20:42:59 [error] [exception.CHttpException.404] exception 'CHttpException' with message 'The system is unable to find the requested action "registro".' in C:\wamp\www\yii\framework\web\CController.php:483
Stack trace:
#0 C:\wamp\www\yii\framework\web\CController.php(270): CController->missingAction('registro')
#1 C:\wamp\www\yii\framework\web\CWebApplication.php(282): CController->run('registro')
#2 C:\wamp\www\yii\framework\web\CWebApplication.php(141): CWebApplication->runController('site/registro')
#3 C:\wamp\www\yii\framework\base\CApplication.php(180): CWebApplication->processRequest()
#4 C:\wamp\www\proyecto_php\index.php(13): CApplication->run()
#5 {main}
REQUEST_URI=/proyecto_php/site/registro.html
HTTP_REFERER=http://localhost:90/proyecto_php/site/login.html
---
2014/06/29 21:00:00 [error] [exception.CException] exception 'CException' with message 'SiteController and its behaviors do not have a method or closure named "performAjaxValidation".' in C:\wamp\www\yii\framework\base\CComponent.php:266
Stack trace:
#0 C:\wamp\www\proyecto_php\protected\controllers\SiteController.php(115): CComponent->__call('performAjaxVali...', Array)
#1 C:\wamp\www\proyecto_php\protected\controllers\SiteController.php(115): SiteController->performAjaxValidation(Object(Usuarios))
#2 C:\wamp\www\yii\framework\web\actions\CInlineAction.php(49): SiteController->ActionRegistro()
#3 C:\wamp\www\yii\framework\web\CController.php(308): CInlineAction->runWithParams(Array)
#4 C:\wamp\www\yii\framework\web\CController.php(286): CController->runAction(Object(CInlineAction))
#5 C:\wamp\www\yii\framework\web\CController.php(265): CController->runActionWithFilters(Object(CInlineAction), Array)
#6 C:\wamp\www\yii\framework\web\CWebApplication.php(282): CController->run('registro')
#7 C:\wamp\www\yii\framework\web\CWebApplication.php(141): CWebApplication->runController('site/registro')
#8 C:\wamp\www\yii\framework\base\CApplication.php(180): CWebApplication->processRequest()
#9 C:\wamp\www\proyecto_php\index.php(13): CApplication->run()
#10 {main}
REQUEST_URI=/proyecto_php/site/registro.html
HTTP_REFERER=http://localhost:90/proyecto_php/site/login.html
---
2014/06/29 21:03:11 [error] [exception.CException] exception 'CException' with message 'SiteController cannot find the requested view "registro".' in C:\wamp\www\yii\framework\web\CController.php:878
Stack trace:
#0 C:\wamp\www\proyecto_php\protected\controllers\SiteController.php(141): CController->renderPartial('registro', Array)
#1 C:\wamp\www\yii\framework\web\actions\CInlineAction.php(49): SiteController->ActionRegistro()
#2 C:\wamp\www\yii\framework\web\CController.php(308): CInlineAction->runWithParams(Array)
#3 C:\wamp\www\yii\framework\web\CController.php(286): CController->runAction(Object(CInlineAction))
#4 C:\wamp\www\yii\framework\web\CController.php(265): CController->runActionWithFilters(Object(CInlineAction), Array)
#5 C:\wamp\www\yii\framework\web\CWebApplication.php(282): CController->run('registro')
#6 C:\wamp\www\yii\framework\web\CWebApplication.php(141): CWebApplication->runController('site/registro')
#7 C:\wamp\www\yii\framework\base\CApplication.php(180): CWebApplication->processRequest()
#8 C:\wamp\www\proyecto_php\index.php(13): CApplication->run()
#9 {main}
REQUEST_URI=/proyecto_php/site/registro.html
HTTP_REFERER=http://localhost:90/proyecto_php/site/login.html
---
2014/06/29 21:03:13 [error] [exception.CException] exception 'CException' with message 'SiteController cannot find the requested view "registro".' in C:\wamp\www\yii\framework\web\CController.php:878
Stack trace:
#0 C:\wamp\www\proyecto_php\protected\controllers\SiteController.php(141): CController->renderPartial('registro', Array)
#1 C:\wamp\www\yii\framework\web\actions\CInlineAction.php(49): SiteController->ActionRegistro()
#2 C:\wamp\www\yii\framework\web\CController.php(308): CInlineAction->runWithParams(Array)
#3 C:\wamp\www\yii\framework\web\CController.php(286): CController->runAction(Object(CInlineAction))
#4 C:\wamp\www\yii\framework\web\CController.php(265): CController->runActionWithFilters(Object(CInlineAction), Array)
#5 C:\wamp\www\yii\framework\web\CWebApplication.php(282): CController->run('registro')
#6 C:\wamp\www\yii\framework\web\CWebApplication.php(141): CWebApplication->runController('site/registro')
#7 C:\wamp\www\yii\framework\base\CApplication.php(180): CWebApplication->processRequest()
#8 C:\wamp\www\proyecto_php\index.php(13): CApplication->run()
#9 {main}
REQUEST_URI=/proyecto_php/site/registro.html
HTTP_REFERER=http://localhost:90/proyecto_php/site/login.html
---
2014/06/29 21:04:35 [error] [exception.CException] exception 'CException' with message 'SiteController cannot find the requested view "registro".' in C:\wamp\www\yii\framework\web\CController.php:878
Stack trace:
#0 C:\wamp\www\yii\framework\web\CController.php(782): CController->renderPartial('registro', Array, true)
#1 C:\wamp\www\proyecto_php\protected\controllers\SiteController.php(141): CController->render('registro', Array)
#2 C:\wamp\www\yii\framework\web\actions\CInlineAction.php(49): SiteController->ActionRegistro()
#3 C:\wamp\www\yii\framework\web\CController.php(308): CInlineAction->runWithParams(Array)
#4 C:\wamp\www\yii\framework\web\CController.php(286): CController->runAction(Object(CInlineAction))
#5 C:\wamp\www\yii\framework\web\CController.php(265): CController->runActionWithFilters(Object(CInlineAction), Array)
#6 C:\wamp\www\yii\framework\web\CWebApplication.php(282): CController->run('registro')
#7 C:\wamp\www\yii\framework\web\CWebApplication.php(141): CWebApplication->runController('site/registro')
#8 C:\wamp\www\yii\framework\base\CApplication.php(180): CWebApplication->processRequest()
#9 C:\wamp\www\proyecto_php\index.php(13): CApplication->run()
#10 {main}
REQUEST_URI=/proyecto_php/site/registro.html
HTTP_REFERER=http://localhost:90/proyecto_php/site/login.html
---
2014/06/29 22:26:10 [error] [exception.CHttpException.403] exception 'CHttpException' with message 'You are not authorized to perform this action.' in C:\wamp\www\yii\framework\web\auth\CAccessControlFilter.php:182
Stack trace:
#0 C:\wamp\www\yii\framework\web\auth\CAccessControlFilter.php(145): CAccessControlFilter->accessDenied(Object(CWebUser), 'You are not aut...')
#1 C:\wamp\www\yii\framework\web\filters\CFilter.php(38): CAccessControlFilter->preFilter(Object(CFilterChain))
#2 C:\wamp\www\yii\framework\web\CController.php(1145): CFilter->filter(Object(CFilterChain))
#3 C:\wamp\www\yii\framework\web\filters\CInlineFilter.php(58): CController->filterAccessControl(Object(CFilterChain))
#4 C:\wamp\www\yii\framework\web\filters\CFilterChain.php(130): CInlineFilter->filter(Object(CFilterChain))
#5 C:\wamp\www\yii\framework\web\CController.php(291): CFilterChain->run()
#6 C:\wamp\www\yii\framework\web\CController.php(265): CController->runActionWithFilters(Object(CInlineAction), Array)
#7 C:\wamp\www\yii\framework\web\CWebApplication.php(282): CController->run('create')
#8 C:\wamp\www\yii\framework\web\CWebApplication.php(141): CWebApplication->runController('inmuebles/creat...')
#9 C:\wamp\www\yii\framework\base\CApplication.php(180): CWebApplication->processRequest()
#10 C:\wamp\www\PHP\index.php(13): CApplication->run()
#11 {main}
REQUEST_URI=/PHP/inmuebles/create.html
HTTP_REFERER=http://localhost:8080/PHP/usuarios/create.html
---
2014/06/29 22:40:44 [error] [exception.CHttpException.403] exception 'CHttpException' with message 'You are not authorized to perform this action.' in C:\wamp\www\yii\framework\web\auth\CAccessControlFilter.php:182
Stack trace:
#0 C:\wamp\www\yii\framework\web\auth\CAccessControlFilter.php(145): CAccessControlFilter->accessDenied(Object(CWebUser), 'You are not aut...')
#1 C:\wamp\www\yii\framework\web\filters\CFilter.php(38): CAccessControlFilter->preFilter(Object(CFilterChain))
#2 C:\wamp\www\yii\framework\web\CController.php(1145): CFilter->filter(Object(CFilterChain))
#3 C:\wamp\www\yii\framework\web\filters\CInlineFilter.php(58): CController->filterAccessControl(Object(CFilterChain))
#4 C:\wamp\www\yii\framework\web\filters\CFilterChain.php(130): CInlineFilter->filter(Object(CFilterChain))
#5 C:\wamp\www\yii\framework\web\CController.php(291): CFilterChain->run()
#6 C:\wamp\www\yii\framework\web\CController.php(265): CController->runActionWithFilters(Object(CInlineAction), Array)
#7 C:\wamp\www\yii\framework\web\CWebApplication.php(282): CController->run('create')
#8 C:\wamp\www\yii\framework\web\CWebApplication.php(141): CWebApplication->runController('inmuebles/creat...')
#9 C:\wamp\www\yii\framework\base\CApplication.php(180): CWebApplication->processRequest()
#10 C:\wamp\www\PHP\index.php(13): CApplication->run()
#11 {main}
REQUEST_URI=/PHP/inmuebles/create.html
HTTP_REFERER=http://localhost:8080/PHP/site/contact.html
---
2014/06/29 22:51:00 [error] [php] htmlspecialchars(): charset `utf8' not supported, assuming utf-8 (C:\wamp\www\yii\framework\web\helpers\CHtml.php:103)
Stack trace:
#0 C:\wamp\www\yii\framework\web\helpers\CHtml.php(158): renderAttributes()
#1 C:\wamp\www\yii\framework\web\helpers\CHtml.php(339): tag()
#2 C:\wamp\www\yii\framework\web\widgets\CActiveForm.php(333): beginForm()
#3 C:\wamp\www\yii\framework\web\CBaseController.php(147): CActiveForm->init()
#4 C:\wamp\www\yii\framework\web\CBaseController.php(189): InmueblesController->createWidget()
#5 C:\wamp\www\PHP\protected\views\inmuebles\_form.php(16): InmueblesController->beginWidget()
#6 C:\wamp\www\yii\framework\web\CBaseController.php(126): require()
#7 C:\wamp\www\yii\framework\web\CBaseController.php(95): InmueblesController->renderInternal()
#8 C:\wamp\www\yii\framework\web\CController.php(869): InmueblesController->renderFile()
#9 C:\wamp\www\PHP\protected\views\inmuebles\create.php(18): InmueblesController->renderPartial()
#10 C:\wamp\www\yii\framework\web\CBaseController.php(126): require()
#11 C:\wamp\www\yii\framework\web\CBaseController.php(95): InmueblesController->renderInternal()
#12 C:\wamp\www\yii\framework\web\CController.php(869): InmueblesController->renderFile()
#13 C:\wamp\www\yii\framework\web\CController.php(782): InmueblesController->renderPartial()
#14 C:\wamp\www\PHP\protected\controllers\InmueblesController.php(80): InmueblesController->render()
#15 C:\wamp\www\yii\framework\web\actions\CInlineAction.php(49): InmueblesController->actionCreate()
#16 C:\wamp\www\yii\framework\web\CController.php(308): CInlineAction->runWithParams()
#17 C:\wamp\www\yii\framework\web\filters\CFilterChain.php(133): InmueblesController->runAction()
#18 C:\wamp\www\yii\framework\web\filters\CFilter.php(40): CFilterChain->run()
#19 C:\wamp\www\yii\framework\web\CController.php(1145): CAccessControlFilter->filter()
#20 C:\wamp\www\yii\framework\web\filters\CInlineFilter.php(58): InmueblesController->filterAccessControl()
#21 C:\wamp\www\yii\framework\web\filters\CFilterChain.php(130): CInlineFilter->filter()
#22 C:\wamp\www\yii\framework\web\CController.php(291): CFilterChain->run()
#23 C:\wamp\www\yii\framework\web\CController.php(265): InmueblesController->runActionWithFilters()
#24 C:\wamp\www\yii\framework\web\CWebApplication.php(282): InmueblesController->run()
#25 C:\wamp\www\yii\framework\web\CWebApplication.php(141): CWebApplication->runController()
#26 C:\wamp\www\yii\framework\base\CApplication.php(180): CWebApplication->processRequest()
#27 C:\wamp\www\PHP\index.php(13): CWebApplication->run()
REQUEST_URI=/PHP/inmuebles/create.html
in C:\wamp\www\PHP\protected\views\inmuebles\_form.php (16)
in C:\wamp\www\PHP\protected\views\inmuebles\create.php (18)
in C:\wamp\www\PHP\protected\controllers\InmueblesController.php (80)
2014/06/29 22:51:27 [error] [php] htmlspecialchars(): charset `utf8_encode(data)' not supported, assuming utf-8 (C:\wamp\www\yii\framework\web\helpers\CHtml.php:103)
Stack trace:
#0 C:\wamp\www\yii\framework\web\helpers\CHtml.php(158): renderAttributes()
#1 C:\wamp\www\yii\framework\web\helpers\CHtml.php(339): tag()
#2 C:\wamp\www\yii\framework\web\widgets\CActiveForm.php(333): beginForm()
#3 C:\wamp\www\yii\framework\web\CBaseController.php(147): CActiveForm->init()
#4 C:\wamp\www\yii\framework\web\CBaseController.php(189): InmueblesController->createWidget()
#5 C:\wamp\www\PHP\protected\views\inmuebles\_form.php(16): InmueblesController->beginWidget()
#6 C:\wamp\www\yii\framework\web\CBaseController.php(126): require()
#7 C:\wamp\www\yii\framework\web\CBaseController.php(95): InmueblesController->renderInternal()
#8 C:\wamp\www\yii\framework\web\CController.php(869): InmueblesController->renderFile()
#9 C:\wamp\www\PHP\protected\views\inmuebles\create.php(18): InmueblesController->renderPartial()
#10 C:\wamp\www\yii\framework\web\CBaseController.php(126): require()
#11 C:\wamp\www\yii\framework\web\CBaseController.php(95): InmueblesController->renderInternal()
#12 C:\wamp\www\yii\framework\web\CController.php(869): InmueblesController->renderFile()
#13 C:\wamp\www\yii\framework\web\CController.php(782): InmueblesController->renderPartial()
#14 C:\wamp\www\PHP\protected\controllers\InmueblesController.php(80): InmueblesController->render()
#15 C:\wamp\www\yii\framework\web\actions\CInlineAction.php(49): InmueblesController->actionCreate()
#16 C:\wamp\www\yii\framework\web\CController.php(308): CInlineAction->runWithParams()
#17 C:\wamp\www\yii\framework\web\filters\CFilterChain.php(133): InmueblesController->runAction()
#18 C:\wamp\www\yii\framework\web\filters\CFilter.php(40): CFilterChain->run()
#19 C:\wamp\www\yii\framework\web\CController.php(1145): CAccessControlFilter->filter()
#20 C:\wamp\www\yii\framework\web\filters\CInlineFilter.php(58): InmueblesController->filterAccessControl()
#21 C:\wamp\www\yii\framework\web\filters\CFilterChain.php(130): CInlineFilter->filter()
#22 C:\wamp\www\yii\framework\web\CController.php(291): CFilterChain->run()
#23 C:\wamp\www\yii\framework\web\CController.php(265): InmueblesController->runActionWithFilters()
#24 C:\wamp\www\yii\framework\web\CWebApplication.php(282): InmueblesController->run()
#25 C:\wamp\www\yii\framework\web\CWebApplication.php(141): CWebApplication->runController()
#26 C:\wamp\www\yii\framework\base\CApplication.php(180): CWebApplication->processRequest()
#27 C:\wamp\www\PHP\index.php(13): CWebApplication->run()
REQUEST_URI=/PHP/inmuebles/create.html
in C:\wamp\www\PHP\protected\views\inmuebles\_form.php (16)
in C:\wamp\www\PHP\protected\views\inmuebles\create.php (18)
in C:\wamp\www\PHP\protected\controllers\InmueblesController.php (80)
2014/06/29 22:51:35 [error] [php] htmlspecialchars(): charset `utf8' not supported, assuming utf-8 (C:\wamp\www\yii\framework\web\helpers\CHtml.php:103)
Stack trace:
#0 C:\wamp\www\yii\framework\web\helpers\CHtml.php(158): renderAttributes()
#1 C:\wamp\www\yii\framework\web\helpers\CHtml.php(339): tag()
#2 C:\wamp\www\yii\framework\web\widgets\CActiveForm.php(333): beginForm()
#3 C:\wamp\www\yii\framework\web\CBaseController.php(147): CActiveForm->init()
#4 C:\wamp\www\yii\framework\web\CBaseController.php(189): InmueblesController->createWidget()
#5 C:\wamp\www\PHP\protected\views\inmuebles\_form.php(16): InmueblesController->beginWidget()
#6 C:\wamp\www\yii\framework\web\CBaseController.php(126): require()
#7 C:\wamp\www\yii\framework\web\CBaseController.php(95): InmueblesController->renderInternal()
#8 C:\wamp\www\yii\framework\web\CController.php(869): InmueblesController->renderFile()
#9 C:\wamp\www\PHP\protected\views\inmuebles\create.php(18): InmueblesController->renderPartial()
#10 C:\wamp\www\yii\framework\web\CBaseController.php(126): require()
#11 C:\wamp\www\yii\framework\web\CBaseController.php(95): InmueblesController->renderInternal()
#12 C:\wamp\www\yii\framework\web\CController.php(869): InmueblesController->renderFile()
#13 C:\wamp\www\yii\framework\web\CController.php(782): InmueblesController->renderPartial()
#14 C:\wamp\www\PHP\protected\controllers\InmueblesController.php(80): InmueblesController->render()
#15 C:\wamp\www\yii\framework\web\actions\CInlineAction.php(49): InmueblesController->actionCreate()
#16 C:\wamp\www\yii\framework\web\CController.php(308): CInlineAction->runWithParams()
#17 C:\wamp\www\yii\framework\web\filters\CFilterChain.php(133): InmueblesController->runAction()
#18 C:\wamp\www\yii\framework\web\filters\CFilter.php(40): CFilterChain->run()
#19 C:\wamp\www\yii\framework\web\CController.php(1145): CAccessControlFilter->filter()
#20 C:\wamp\www\yii\framework\web\filters\CInlineFilter.php(58): InmueblesController->filterAccessControl()
#21 C:\wamp\www\yii\framework\web\filters\CFilterChain.php(130): CInlineFilter->filter()
#22 C:\wamp\www\yii\framework\web\CController.php(291): CFilterChain->run()
#23 C:\wamp\www\yii\framework\web\CController.php(265): InmueblesController->runActionWithFilters()
#24 C:\wamp\www\yii\framework\web\CWebApplication.php(282): InmueblesController->run()
#25 C:\wamp\www\yii\framework\web\CWebApplication.php(141): CWebApplication->runController()
#26 C:\wamp\www\yii\framework\base\CApplication.php(180): CWebApplication->processRequest()
#27 C:\wamp\www\PHP\index.php(13): CWebApplication->run()
REQUEST_URI=/PHP/inmuebles/create.html
in C:\wamp\www\PHP\protected\views\inmuebles\_form.php (16)
in C:\wamp\www\PHP\protected\views\inmuebles\create.php (18)
in C:\wamp\www\PHP\protected\controllers\InmueblesController.php (80)
